/home/Student/s4533996/miniconda3/envs/conda-torch/lib/python3.11/site-packages/torch/utils/data/dataloader.py:560: UserWarning: This DataLoader will create 2 worker processes in total. Our suggested max number of worker in current system is 1, which is smaller than what this DataLoader is going to create. Please be aware that excessive worker creation might get DataLoader running slow or even freeze, lower the worker number to avoid potential slowness/freeze if necessary.
  warnings.warn(_create_warning_msg(
Files already downloaded and verified
Files already downloaded and verified
> Training
Epoch [1/40], Step [300/391], Loss: 1.3739
Epoch [2/40], Step [300/391], Loss: 0.8653
Epoch [3/40], Step [300/391], Loss: 0.6915
Epoch [4/40], Step [300/391], Loss: 0.7057
Epoch [5/40], Step [300/391], Loss: 0.6819
Epoch [6/40], Step [300/391], Loss: 0.4960
Epoch [7/40], Step [300/391], Loss: 0.4773
Epoch [8/40], Step [300/391], Loss: 0.4184
Epoch [9/40], Step [300/391], Loss: 0.6394
Epoch [10/40], Step [300/391], Loss: 0.3393
Epoch [11/40], Step [300/391], Loss: 0.2634
Epoch [12/40], Step [300/391], Loss: 0.2962
Epoch [13/40], Step [300/391], Loss: 0.2969
Epoch [14/40], Step [300/391], Loss: 0.4403
Epoch [15/40], Step [300/391], Loss: 0.3070
Epoch [16/40], Step [300/391], Loss: 0.4392
Epoch [17/40], Step [300/391], Loss: 0.3025
Epoch [18/40], Step [300/391], Loss: 0.2784
Epoch [19/40], Step [300/391], Loss: 0.3054
Epoch [20/40], Step [300/391], Loss: 0.3551
Epoch [21/40], Step [300/391], Loss: 0.4347
Epoch [22/40], Step [300/391], Loss: 0.2153
Epoch [23/40], Step [300/391], Loss: 0.2254
Epoch [24/40], Step [300/391], Loss: 0.3209
Epoch [25/40], Step [300/391], Loss: 0.3062
Epoch [26/40], Step [300/391], Loss: 0.2350
Epoch [27/40], Step [300/391], Loss: 0.1990
Epoch [28/40], Step [300/391], Loss: 0.2097
Epoch [29/40], Step [300/391], Loss: 0.3499
Epoch [30/40], Step [300/391], Loss: 0.1782
Epoch [31/40], Step [300/391], Loss: 0.1968
Epoch [32/40], Step [300/391], Loss: 0.1355
Epoch [33/40], Step [300/391], Loss: 0.2482
Epoch [34/40], Step [300/391], Loss: 0.1399
Epoch [35/40], Step [300/391], Loss: 0.0724
Epoch [36/40], Step [300/391], Loss: 0.0547
Epoch [37/40], Step [300/391], Loss: 0.0633
Epoch [38/40], Step [300/391], Loss: 0.0292
Epoch [39/40], Step [300/391], Loss: 0.0283
Epoch [40/40], Step [300/391], Loss: 0.0079
Training time: 833.50 sec or 13.89 min
> Testing
Test Accuracy: 94.43 %
Testing time: 2.99 sec or 0.05 min
